[2018-05-16 16:56:42,333]-logger.py-INFO:---Կʼ---
[2018-05-16 16:56:42,358]-logger.py-INFO:1,2,3
[2018-05-16 16:56:42,358]-logger.py-INFO:----Խ----
[2018-05-16 16:56:56,439]-logger.py-INFO:---Կʼ---
[2018-05-16 16:56:56,440]-logger.py-INFO:1,2,3
[2018-05-16 16:56:56,440]-logger.py-INFO:----Խ----
[2018-05-16 17:18:14,836]-logger.py-INFO:-----start----
[2018-05-16 17:18:14,837]-logger.py-INFO:-----ʼ-----
[2018-05-16 17:18:14,860]-logger.py-INFO:----ؽ{"status":"4002","msg":":2018050849-lxѾڣ","uuid":"2018050849-lx","intoPiecesId":""}-----
[2018-05-16 17:30:14,694]-logger.py-INFO:---Կʼ---
[2018-05-16 17:30:14,717]-logger.py-INFO:1,2,3
[2018-05-16 17:30:14,718]-logger.py-INFO:----Խ----
[2018-05-16 17:31:38,146]-logger.py-INFO:---测试开始---
[2018-05-16 17:31:38,149]-logger.py-INFO:操作步骤1,2,3
[2018-05-16 17:31:38,150]-logger.py-INFO:----测试结束----
[2018-05-16 17:32:04,963]-logger.py-INFO:-----start----
[2018-05-16 17:32:04,964]-logger.py-INFO:-----开始进件-----
[2018-05-16 17:32:04,984]-logger.py-INFO:----进件返回结果：{"status":"4002","msg":"进件号:2018050849-lx已经存在！","uuid":"2018050849-lx","intoPiecesId":""}-----
[2018-05-16 17:32:04,989]-logger.py-INFO:----进件返回已经写入文件----
[2018-05-16 17:34:04,198]-logger.py-INFO:---测试开始---
[2018-05-16 17:34:04,199]-logger.py-INFO:操作步骤1,2,3
[2018-05-16 17:34:04,200]-logger.py-INFO:----测试结束----
[2018-05-16 17:35:09,628]-logger.py-INFO:---测试开始---
[2018-05-16 17:35:09,629]-logger.py-INFO:操作步骤1,2,3
[2018-05-16 17:35:09,630]-logger.py-INFO:----测试结束----
[2018-05-16 17:42:29,077]-logger.py-INFO:-----start----
[2018-05-16 17:42:29,079]-logger.py-INFO:-----开始进件-----
[2018-05-16 17:42:29,165]-logger.py-INFO:----进件返回结果：{"status":"4002","msg":"进件号:2018050849-lx已经存在！","uuid":"2018050849-lx","intoPiecesId":""}-----
[2018-05-16 17:42:29,166]-logger.py-INFO:----进件返回已经写入文件----
[2018-05-16 17:42:29,167]-logger.py-INFO:----进件结束--end---
[2018-05-16 18:26:36,592]-logger.py-INFO:---测试开始---
[2018-05-16 18:26:36,593]-logger.py-INFO:操作步骤1,2,3
[2018-05-16 18:26:36,595]-logger.py-INFO:----测试结束----
